{"deviceId":"aa125357-4364-4645-b2f7-f39692aef216","deviceType":"vital_signs_monitor","level":"info","message":"Device registered: Philips IntelliVue MX800","patientId":"patient-123","timestamp":"2026-01-25T15:28:39.236Z"}
{"config":{"deviceType":"vital_signs_monitor","manufacturer":"Philips"},"error":"Model is required","level":"error","message":"Failed to register device","timestamp":"2026-01-25T15:28:39.280Z"}
{"config":{"connectionConfig":{},"deviceType":"vital_signs_monitor","manufacturer":"Philips","model":"IntelliVue MX800","patientId":"patient-123","protocol":"invalid-protocol","serialNumber":"SN123456"},"error":"Invalid protocol. Must be one of: websocket, mqtt, http","level":"error","message":"Failed to register device","timestamp":"2026-01-25T15:28:39.331Z"}
{"error":"Invalid reading: Both systolic and diastolic values are required","level":"error","message":"Failed to process manual reading","timestamp":"2026-01-25T15:28:39.337Z"}
{"error":"Invalid reading: Both systolic and diastolic values are required","level":"error","message":"Failed to process manual reading","timestamp":"2026-01-25T15:28:39.343Z"}
{"deviceId":"1147354b-448a-4713-9315-720796c4b84b","deviceType":"heart_rate_monitor","level":"info","message":"Device registered: Garmin HRM-Pro","patientId":"patient-1","timestamp":"2026-01-25T15:28:39.351Z"}
{"deviceId":"2396fe15-4123-46fe-b97a-274837758edf","deviceType":"heart_rate_monitor","level":"info","message":"Device registered: Garmin HRM-Pro","patientId":"patient-2","timestamp":"2026-01-25T15:28:39.353Z"}
{"deviceId":"ab291249-4a5f-4970-9663-3005c453df5b","deviceType":"thermometer","level":"info","message":"Device registered: Braun ThermoScan","patientId":"patient-3","timestamp":"2026-01-25T15:28:39.363Z"}
{"deviceId":"ab291249-4a5f-4970-9663-3005c453df5b","level":"info","message":"Device removed","timestamp":"2026-01-25T15:28:39.365Z"}
{"deviceId":"fcb4384c-ad35-4a27-8c22-aead07c85c45","deviceType":"pulse_oximeter","level":"info","message":"Device registered: Masimo Rad-97","patientId":"patient-4","timestamp":"2026-01-25T15:28:39.370Z"}
{"deviceId":"f9fa33c2-94e7-43e0-9b6b-3d235178845c","deviceType":"pulse_oximeter","level":"info","message":"Device registered: Masimo Rad-97","patientId":"patient-5","timestamp":"2026-01-25T15:28:39.375Z"}
{"deviceId":"ec48ccd4-0249-4ba2-96aa-cd4694279540","deviceType":"vital_signs_monitor","level":"info","message":"Device registered: GE Healthcare CARESCAPE B850","patientId":"patient-6","timestamp":"2026-01-25T15:28:39.381Z"}
{"deviceId":"a41fdf4d-9617-4e8d-a37a-0d4a9bd15d1e","deviceType":"vital_signs_monitor","level":"info","message":"Device registered: Philips IntelliVue MX800","patientId":"patient-123","timestamp":"2026-01-25T15:30:12.376Z"}
{"config":{"deviceType":"vital_signs_monitor","manufacturer":"Philips"},"error":"Model is required","level":"error","message":"Failed to register device","timestamp":"2026-01-25T15:30:12.409Z"}
{"config":{"connectionConfig":{},"deviceType":"vital_signs_monitor","manufacturer":"Philips","model":"IntelliVue MX800","patientId":"patient-123","protocol":"invalid-protocol","serialNumber":"SN123456"},"error":"Invalid protocol. Must be one of: websocket, mqtt, http","level":"error","message":"Failed to register device","timestamp":"2026-01-25T15:30:12.450Z"}
{"deviceType":"blood_pressure","level":"info","message":"Manual reading processed","patientId":"patient-123","timestamp":"2026-01-25T15:30:12.457Z"}
{"error":"Invalid reading: systolic out of plausible range (60-250 mmHg): 300","level":"error","message":"Failed to process manual reading","timestamp":"2026-01-25T15:30:12.461Z"}
{"deviceId":"295bc975-3342-4171-99c3-f44a95618e76","deviceType":"heart_rate_monitor","level":"info","message":"Device registered: Garmin HRM-Pro","patientId":"patient-1","timestamp":"2026-01-25T15:30:12.466Z"}
{"deviceId":"325470b6-ef5c-4805-9b1e-a961e9fba4bc","deviceType":"heart_rate_monitor","level":"info","message":"Device registered: Garmin HRM-Pro","patientId":"patient-2","timestamp":"2026-01-25T15:30:12.467Z"}
{"deviceId":"edd54d74-ea8c-4333-9394-1b57435f8fcd","deviceType":"thermometer","level":"info","message":"Device registered: Braun ThermoScan","patientId":"patient-3","timestamp":"2026-01-25T15:30:12.472Z"}
{"deviceId":"edd54d74-ea8c-4333-9394-1b57435f8fcd","level":"info","message":"Device removed","timestamp":"2026-01-25T15:30:12.474Z"}
{"deviceId":"4a58c2dd-7090-41d9-b9c0-a9f900a89920","deviceType":"pulse_oximeter","level":"info","message":"Device registered: Masimo Rad-97","patientId":"patient-4","timestamp":"2026-01-25T15:30:12.477Z"}
{"deviceId":"e8a36b99-712f-4833-80e6-361dcaff25dd","deviceType":"pulse_oximeter","level":"info","message":"Device registered: Masimo Rad-97","patientId":"patient-5","timestamp":"2026-01-25T15:30:12.480Z"}
{"deviceId":"2949769a-0a82-419b-9067-a7713315922d","deviceType":"vital_signs_monitor","level":"info","message":"Device registered: GE Healthcare CARESCAPE B850","patientId":"patient-6","timestamp":"2026-01-25T15:30:12.483Z"}
